app/build/intermediates/manifest_merge_blame_file/release/processReleaseMainManifest/manifest-merger-blame-release-report.txt
1<?xml version="1.0" encoding="utf-8"?>
2<manifest xmlns:android="http://schemas.android.com/apk/res/android"
3    package="io.github.meko123456.zari"
4    android:versionCode="1"
5    android:versionName="0.1.0-dev" >
6
7    <uses-sdk
7-->INJECTED
8        android:minSdkVersion="26"
8-->INJECTED
9        android:targetSdkVersion="36" />
9-->INJECTED
10
11    <!-- Recording the call audio. -->
12    <uses-permission android:name="android.permission.RECORD_AUDIO" />
12-->src/main/AndroidManifest.xml:5:5-71
12-->src/main/AndroidManifest.xml:5:22-68
13
14    <!-- Knowing a call started and ended. -->
15    <uses-permission android:name="android.permission.READ_PHONE_STATE" />
15-->src/main/AndroidManifest.xml:8:5-75
15-->src/main/AndroidManifest.xml:8:22-72
16
17    <!--
18      The number and whether the call was incoming or outgoing. Since Android 10 the PHONE_STATE
19      broadcast no longer carries the number unless the app holds READ_CALL_LOG, and reading the
20      newest call-log entry after the call is more reliable than the deprecated broadcast extras
21      anyway - it also gives the network's own duration to check the recording against.
22    -->
23    <uses-permission android:name="android.permission.READ_CALL_LOG" />
23-->src/main/AndroidManifest.xml:16:5-72
23-->src/main/AndroidManifest.xml:16:22-69
24
25    <!-- Turning a number into a name. -->
26    <uses-permission android:name="android.permission.READ_CONTACTS" />
26-->src/main/AndroidManifest.xml:19:5-72
26-->src/main/AndroidManifest.xml:19:22-69
27    <uses-permission android:name="android.permission.FOREGROUND_SERVICE" />
27-->src/main/AndroidManifest.xml:21:5-77
27-->src/main/AndroidManifest.xml:21:22-74
28    <uses-permission android:name="android.permission.FOREGROUND_SERVICE_MICROPHONE" />
28-->src/main/AndroidManifest.xml:22:5-88
28-->src/main/AndroidManifest.xml:22:22-85
29    <uses-permission android:name="android.permission.POST_NOTIFICATIONS" />
29-->src/main/AndroidManifest.xml:23:5-77
29-->src/main/AndroidManifest.xml:23:22-74
30
31    <!--
32      Not for drawing anything. Android 12+ forbids starting a foreground service from the
33      background, and holding SYSTEM_ALERT_WINDOW is one of the documented exemptions - without
34      it the service cannot start from the PHONE_STATE broadcast, which is the only moment we
35      know a call began. The app never actually draws an overlay.
36    -->
37    <uses-permission android:name="android.permission.SYSTEM_ALERT_WINDOW" />
37-->src/main/AndroidManifest.xml:31:5-78
37-->src/main/AndroidManifest.xml:31:22-75
38
39    <permission
39-->[androidx.core:core:1.18.0] AndroidManifest.xml:22:5-24:47
40        android:name="io.github.meko123456.zari.DYNAMIC_RECEIVER_NOT_EXPORTED_PERMISSION"
40-->[androidx.core:core:1.18.0] AndroidManifest.xml:23:9-81
41        android:protectionLevel="signature" />
41-->[androidx.core:core:1.18.0] AndroidManifest.xml:24:9-44
42
43    <uses-permission android:name="io.github.meko123456.zari.DYNAMIC_RECEIVER_NOT_EXPORTED_PERMISSION" />
43-->[androidx.core:core:1.18.0] AndroidManifest.xml:26:5-97
43-->[androidx.core:core:1.18.0] AndroidManifest.xml:26:22-94
44
45    <application
45-->src/main/AndroidManifest.xml:33:5-77:19
46        android:allowBackup="false"
46-->src/main/AndroidManifest.xml:34:9-36
47        android:appComponentFactory="androidx.core.app.CoreComponentFactory"
47-->[androidx.core:core:1.18.0] AndroidManifest.xml:28:18-86
48        android:dataExtractionRules="@xml/data_extraction_rules"
48-->src/main/AndroidManifest.xml:35:9-65
49        android:extractNativeLibs="false"
49-->INJECTED
50        android:fullBackupContent="@xml/backup_rules"
50-->src/main/AndroidManifest.xml:36:9-54
51        android:icon="@mipmap/ic_launcher"
51-->src/main/AndroidManifest.xml:37:9-43
52        android:label="@string/app_name"
52-->src/main/AndroidManifest.xml:38:9-41
53        android:roundIcon="@mipmap/ic_launcher"
53-->src/main/AndroidManifest.xml:39:9-48
54        android:supportsRtl="true"
54-->src/main/AndroidManifest.xml:40:9-35
55        android:theme="@style/Theme.Zari" >
55-->src/main/AndroidManifest.xml:41:9-42
56        <activity
56-->src/main/AndroidManifest.xml:43:9-52:20
57            android:name="io.github.meko123456.zari.ui.MainActivity"
57-->src/main/AndroidManifest.xml:44:13-44
58            android:exported="true"
58-->src/main/AndroidManifest.xml:45:13-36
59            android:launchMode="singleTop"
59-->src/main/AndroidManifest.xml:46:13-43
60            android:theme="@style/Theme.Zari" >
60-->src/main/AndroidManifest.xml:47:13-46
61            <intent-filter>
61-->src/main/AndroidManifest.xml:48:13-51:29
62                <action android:name="android.intent.action.MAIN" />
62-->src/main/AndroidManifest.xml:49:17-69
62-->src/main/AndroidManifest.xml:49:25-66
63
64                <category android:name="android.intent.category.LAUNCHER" />
64-->src/main/AndroidManifest.xml:50:17-77
64-->src/main/AndroidManifest.xml:50:27-74
65            </intent-filter>
66        </activity>
67
68        <service
68-->src/main/AndroidManifest.xml:54:9-57:58
69            android:name="io.github.meko123456.zari.call.RecordingService"
69-->src/main/AndroidManifest.xml:55:13-50
70            android:exported="false"
70-->src/main/AndroidManifest.xml:56:13-37
71            android:foregroundServiceType="microphone" />
71-->src/main/AndroidManifest.xml:57:13-55
72
73        <provider
73-->INJECTED
74            android:name="androidx.core.content.FileProvider"
74-->src/main/AndroidManifest.xml:60:13-62
75            android:authorities="io.github.meko123456.zari.files"
75-->INJECTED
76            android:exported="false"
76-->src/main/AndroidManifest.xml:62:13-37
77            android:grantUriPermissions="true" >
77-->src/main/AndroidManifest.xml:63:13-47
78            <meta-data
78-->src/main/AndroidManifest.xml:64:13-66:54
79                android:name="android.support.FILE_PROVIDER_PATHS"
79-->src/main/AndroidManifest.xml:65:17-67
80                android:resource="@xml/file_paths" />
80-->src/main/AndroidManifest.xml:66:17-51
81        </provider>
82
83        <receiver
83-->src/main/AndroidManifest.xml:69:9-76:20
84            android:name="io.github.meko123456.zari.call.PhoneStateReceiver"
84-->src/main/AndroidManifest.xml:70:13-52
85            android:exported="true"
85-->src/main/AndroidManifest.xml:71:13-36
86            android:permission="android.permission.READ_PHONE_STATE" >
86-->src/main/AndroidManifest.xml:72:13-69
87            <intent-filter>
87-->src/main/AndroidManifest.xml:73:13-75:29
88                <action android:name="android.intent.action.PHONE_STATE" />
88-->src/main/AndroidManifest.xml:74:17-76
88-->src/main/AndroidManifest.xml:74:25-73
89            </intent-filter>
90        </receiver>
91
92        <uses-library
92-->[androidx.window:window:1.5.0] AndroidManifest.xml:23:9-25:40
93            android:name="androidx.window.extensions"
93-->[androidx.window:window:1.5.0] AndroidManifest.xml:24:13-54
94            android:required="false" />
94-->[androidx.window:window:1.5.0] AndroidManifest.xml:25:13-37
95        <uses-library
95-->[androidx.window:window:1.5.0] AndroidManifest.xml:26:9-28:40
96            android:name="androidx.window.sidecar"
96-->[androidx.window:window:1.5.0] AndroidManifest.xml:27:13-51
97            android:required="false" />
97-->[androidx.window:window:1.5.0] AndroidManifest.xml:28:13-37
98
99        <provider
99-->[androidx.emoji2:emoji2:1.4.0] AndroidManifest.xml:24:9-32:20
100            android:name="androidx.startup.InitializationProvider"
100-->[androidx.emoji2:emoji2:1.4.0] AndroidManifest.xml:25:13-67
101            android:authorities="io.github.meko123456.zari.androidx-startup"
101-->[androidx.emoji2:emoji2:1.4.0] AndroidManifest.xml:26:13-68
102            android:exported="false" >
102-->[androidx.emoji2:emoji2:1.4.0] AndroidManifest.xml:27:13-37
103            <meta-data
103-->[androidx.emoji2:emoji2:1.4.0] AndroidManifest.xml:29:13-31:52
104                android:name="androidx.emoji2.text.EmojiCompatInitializer"
104-->[androidx.emoji2:emoji2:1.4.0] AndroidManifest.xml:30:17-75
105                android:value="androidx.startup" />
105-->[androidx.emoji2:emoji2:1.4.0] AndroidManifest.xml:31:17-49
106            <meta-data
106-->[androidx.lifecycle:lifecycle-process:2.10.0] AndroidManifest.xml:29:13-31:52
107                android:name="androidx.lifecycle.ProcessLifecycleInitializer"
107-->[androidx.lifecycle:lifecycle-process:2.10.0] AndroidManifest.xml:30:17-78
108                android:value="androidx.startup" />
108-->[androidx.lifecycle:lifecycle-process:2.10.0] AndroidManifest.xml:31:17-49
109            <meta-data
109-->[androidx.profileinstaller:profileinstaller:1.4.0] AndroidManifest.xml:29:13-31:52
110                android:name="androidx.profileinstaller.ProfileInstallerInitializer"
110-->[androidx.profileinstaller:profileinstaller:1.4.0] AndroidManifest.xml:30:17-85
111                android:value="androidx.startup" />
111-->[androidx.profileinstaller:profileinstaller:1.4.0] AndroidManifest.xml:31:17-49
112        </provider>
113
114        <receiver
114-->[androidx.profileinstaller:profileinstaller:1.4.0] AndroidManifest.xml:34:9-52:20
115            android:name="androidx.profileinstaller.ProfileInstallReceiver"
115-->[androidx.profileinstaller:profileinstaller:1.4.0] AndroidManifest.xml:35:13-76
116            android:directBootAware="false"
116-->[androidx.profileinstaller:profileinstaller:1.4.0] AndroidManifest.xml:36:13-44
117            android:enabled="true"
117-->[androidx.profileinstaller:profileinstaller:1.4.0] AndroidManifest.xml:37:13-35
118            android:exported="true"
118-->[androidx.profileinstaller:profileinstaller:1.4.0] AndroidManifest.xml:38:13-36
119            android:permission="android.permission.DUMP" >
119-->[androidx.profileinstaller:profileinstaller:1.4.0] AndroidManifest.xml:39:13-57
120            <intent-filter>
120-->[androidx.profileinstaller:profileinstaller:1.4.0] AndroidManifest.xml:40:13-42:29
121                <action android:name="androidx.profileinstaller.action.INSTALL_PROFILE" />
121-->[androidx.profileinstaller:profileinstaller:1.4.0] AndroidManifest.xml:41:17-91
121-->[androidx.profileinstaller:profileinstaller:1.4.0] AndroidManifest.xml:41:25-88
122            </intent-filter>
123            <intent-filter>
123-->[androidx.profileinstaller:profileinstaller:1.4.0] AndroidManifest.xml:43:13-45:29
124                <action android:name="androidx.profileinstaller.action.SKIP_FILE" />
124-->[androidx.profileinstaller:profileinstaller:1.4.0] AndroidManifest.xml:44:17-85
124-->[androidx.profileinstaller:profileinstaller:1.4.0] AndroidManifest.xml:44:25-82
125            </intent-filter>
126            <intent-filter>
126-->[androidx.profileinstaller:profileinstaller:1.4.0] AndroidManifest.xml:46:13-48:29
127                <action android:name="androidx.profileinstaller.action.SAVE_PROFILE" />
127-->[androidx.profileinstaller:profileinstaller:1.4.0] AndroidManifest.xml:47:17-88
127-->[androidx.profileinstaller:profileinstaller:1.4.0] AndroidManifest.xml:47:25-85
128            </intent-filter>
129            <intent-filter>
129-->[androidx.profileinstaller:profileinstaller:1.4.0] AndroidManifest.xml:49:13-51:29
130                <action android:name="androidx.profileinstaller.action.BENCHMARK_OPERATION" />
130-->[androidx.profileinstaller:profileinstaller:1.4.0] AndroidManifest.xml:50:17-95
130-->[androidx.profileinstaller:profileinstaller:1.4.0] AndroidManifest.xml:50:25-92
131            </intent-filter>
132        </receiver>
133    </application>
134
135</manifest>